cmanson
dvolle
enavarro
fdrake
aastin
lhaagensen
mmiles
sdemars
ssmith
acolaco
acorry
acolaco
aperez
bejones
bjones
chward
cpissaro
cryan
cward
dbaum
dmishra
dvolle
epringle
glaurent
hmorgan
hwinzen
ifredrichs
iggy
jross
knagai
ljenkins
llavalette
lpjenkins
lspringer
mtelemaque
rprasad
yabrahim
bejones
chward
cmanson
cryan
enavarro
hwinzen
iggy
knagai
lhaagensen
ljenkins
mmiles
mtelemaque
sdemars
ssmith
aastin
acorry
fdrake
aperez
bjones
cpissaro
cward
dbaum
dmishra
epringle
glaurent
hmorgan
ifredrichs
jross
llavalette
lpjenkins
lspringer
rprasad
yabrahim
